<?xml version="1.0" encoding="UTF-8" ?>
<testsuite failures="0" time="1.386" errors="1" skipped="0" tests="1" name="com.taotao.rest.solrj.SolrjTest">
  <properties>
    <property name="java.runtime.name" value="Java(TM) SE Runtime Environment"/>
    <property name="sun.boot.library.path" value="C:\Program Files\Java\jdk1.7.0_71\jre\bin"/>
    <property name="java.vm.version" value="24.71-b01"/>
    <property name="java.vm.vendor" value="Oracle Corporation"/>
    <property name="java.vendor.url" value="http://java.oracle.com/"/>
    <property name="path.separator" value=";"/>
    <property name="guice.disable.misplaced.annotation.check" value="true"/>
    <property name="java.vm.name" value="Java HotSpot(TM) 64-Bit Server VM"/>
    <property name="file.encoding.pkg" value="sun.io"/>
    <property name="user.script" value=""/>
    <property name="user.country" value="CN"/>
    <property name="sun.java.launcher" value="SUN_STANDARD"/>
    <property name="sun.os.patch.level" value=""/>
    <property name="java.vm.specification.name" value="Java Virtual Machine Specification"/>
    <property name="user.dir" value="E:\WorkSpace\taotao\taotao-rest"/>
    <property name="java.runtime.version" value="1.7.0_71-b14"/>
    <property name="java.awt.graphicsenv" value="sun.awt.Win32GraphicsEnvironment"/>
    <property name="java.endorsed.dirs" value="C:\Program Files\Java\jdk1.7.0_71\jre\lib\endorsed"/>
    <property name="os.arch" value="amd64"/>
    <property name="java.io.tmpdir" value="C:\Users\YUANJI~1\AppData\Local\Temp\"/>
    <property name="line.separator" value="
"/>
    <property name="java.vm.specification.vendor" value="Oracle Corporation"/>
    <property name="user.variant" value=""/>
    <property name="os.name" value="Windows 8.1"/>
    <property name="classworlds.conf" value="E:\WorkSpace\taotao\.metadata\.plugins\org.eclipse.m2e.launching\launches\m2conf3671314368918483259.tmp"/>
    <property name="sun.jnu.encoding" value="GBK"/>
    <property name="java.library.path" value="C:\Program Files\Java\jdk1.7.0_71\bin;C:\WINDOWS\Sun\Java\bin;C:\WINDOWS\system32;C:\WINDOWS;C:/Program Files/Java/jdk1.8.0_131/jre/bin/server;C:/Program Files/Java/jdk1.8.0_131/jre/bin;C:/Program Files/Java/jdk1.8.0_131/jre/lib/amd64;F:\DevelopTools\Oracle\product\11.2.0\dbhome_1\bin;C:\Program Files\Java\jdk1.7.0_71\bin;C:\ProgramData\Oracle\Java\javapath;C:\WINDOWS\system32;C:\WINDOWS;C:\WINDOWS\System32\Wbem;C:\WINDOWS\System32\WindowsPowerShell\v1.0\;D:\VisualSVN Server\bin;D:\TortoiseSVN\bin;F:\DevelopTools\apache-maven-3.2.3\bin;C:\DevelopTools\nodejs\;C:\DevelopTools\nodejs\node_modules\npm;F:\DevelopTools\Git\cmd;F:\DevelopTools\TortoiseGit\bin;F:\DevelopTools\mysql-5.6.36-winx64\bin;C:\Program Files (x86)\NVIDIA Corporation\PhysX\Common;F:\DevelopTools\R\R-3.4.3;F:\DevelopTools\R\R-3.4.3\library\rJava\jri;F:\DevelopTools\R\R-3.4.3\bin\x64;F:\DevelopTools\R\R-3.4.3\library\rJava\jri\x64;F:\DevelopTools\instantclient_11_2;C:\WINDOWS\system32;C:\WINDOWS;C:\WINDOWS\System32\Wbem;C:\WINDOWS\System32\WindowsPowerShell\v1.0\;F:\DevelopTools\Redis-x64-3.2.100;F:\DevelopTools\OpenVPN\bin;C:\DevelopTools\Python\Scripts\;C:\DevelopTools\Python\;C:\Users\yuanjifan\AppData\Local\Microsoft\WindowsApps;C:\Users\yuanjifan\AppData\Roaming\npm;;C:\DevelopTools\eclipse-neon-svn\eclipse;;."/>
    <property name="java.specification.name" value="Java Platform API Specification"/>
    <property name="java.class.version" value="51.0"/>
    <property name="sun.management.compiler" value="HotSpot 64-Bit Tiered Compilers"/>
    <property name="os.version" value="6.3"/>
    <property name="user.home" value="C:\Users\yuanjifan"/>
    <property name="user.timezone" value="Asia/Shanghai"/>
    <property name="java.awt.printerjob" value="sun.awt.windows.WPrinterJob"/>
    <property name="java.specification.version" value="1.7"/>
    <property name="file.encoding" value="UTF-8"/>
    <property name="user.name" value="yuanj"/>
    <property name="java.class.path" value="F:\DevelopTools\apache-maven-3.2.3\boot\plexus-classworlds-2.5.1.jar"/>
    <property name="java.vm.specification.version" value="1.7"/>
    <property name="sun.arch.data.model" value="64"/>
    <property name="java.home" value="C:\Program Files\Java\jdk1.7.0_71\jre"/>
    <property name="sun.java.command" value="org.codehaus.plexus.classworlds.launcher.Launcher -B -s F:\DevelopTools\apache-maven-3.2.3\conf\settings.xml install"/>
    <property name="java.specification.vendor" value="Oracle Corporation"/>
    <property name="user.language" value="zh"/>
    <property name="awt.toolkit" value="sun.awt.windows.WToolkit"/>
    <property name="java.vm.info" value="mixed mode"/>
    <property name="java.version" value="1.7.0_71"/>
    <property name="java.ext.dirs" value="C:\Program Files\Java\jdk1.7.0_71\jre\lib\ext;C:\WINDOWS\Sun\Java\lib\ext"/>
    <property name="sun.boot.class.path" value="C:\Program Files\Java\jdk1.7.0_71\jre\lib\resources.jar;C:\Program Files\Java\jdk1.7.0_71\jre\lib\rt.jar;C:\Program Files\Java\jdk1.7.0_71\jre\lib\sunrsasign.jar;C:\Program Files\Java\jdk1.7.0_71\jre\lib\jsse.jar;C:\Program Files\Java\jdk1.7.0_71\jre\lib\jce.jar;C:\Program Files\Java\jdk1.7.0_71\jre\lib\charsets.jar;C:\Program Files\Java\jdk1.7.0_71\jre\lib\jfr.jar;C:\Program Files\Java\jdk1.7.0_71\jre\classes"/>
    <property name="java.vendor" value="Oracle Corporation"/>
    <property name="maven.home" value="F:\DevelopTools\apache-maven-3.2.3"/>
    <property name="file.separator" value="\"/>
    <property name="java.vendor.url.bug" value="http://bugreport.sun.com/bugreport/"/>
    <property name="sun.cpu.endian" value="little"/>
    <property name="sun.io.unicode.encoding" value="UnicodeLittle"/>
    <property name="sun.desktop" value="windows"/>
    <property name="sun.cpu.isalist" value="amd64"/>
  </properties>
  <testcase time="1.386" classname="com.taotao.rest.solrj.SolrjTest" name="queryDocument">
    <error message="Expected mime type application/octet-stream but got text/html. &lt;html&gt;&lt;head&gt;&lt;title&gt;Apache Tomcat/7.0.78 - Error report&lt;/title&gt;&lt;style&gt;&lt;!--H1 {font-family:Tahoma,Arial,sans-serif;color:white;background-color:#525D76;font-size:22px;} H2 {font-family:Tahoma,Arial,sans-serif;color:white;background-color:#525D76;font-size:16px;} H3 {font-family:Tahoma,Arial,sans-serif;color:white;background-color:#525D76;font-size:14px;} BODY {font-family:Tahoma,Arial,sans-serif;color:black;background-color:white;} B {font-family:Tahoma,Arial,sans-serif;color:white;background-color:#525D76;} P {font-family:Tahoma,Arial,sans-serif;background:white;color:black;font-size:12px;}A {color : black;}A.name {color : black;}HR {color : #525D76;}--&gt;&lt;/style&gt; &lt;/head&gt;&lt;body&gt;&lt;h1&gt;HTTP Status 404 - /solr/select&lt;/h1&gt;&lt;HR size=&quot;1&quot; noshade=&quot;noshade&quot;&gt;&lt;p&gt;&lt;b&gt;type&lt;/b&gt; Status report&lt;/p&gt;&lt;p&gt;&lt;b&gt;message&lt;/b&gt; &lt;u&gt;/solr/select&lt;/u&gt;&lt;/p&gt;&lt;p&gt;&lt;b&gt;description&lt;/b&gt; &lt;u&gt;The requested resource is not available.&lt;/u&gt;&lt;/p&gt;&lt;HR size=&quot;1&quot; noshade=&quot;noshade&quot;&gt;&lt;h3&gt;Apache Tomcat/7.0.78&lt;/h3&gt;&lt;/body&gt;&lt;/html&gt;" type="org.apache.solr.client.solrj.impl.HttpSolrServer$RemoteSolrException">org.apache.solr.client.solrj.impl.HttpSolrServer$RemoteSolrException: Expected mime type application/octet-stream but got text/html. &lt;html&gt;&lt;head&gt;&lt;title&gt;Apache Tomcat/7.0.78 - Error report&lt;/title&gt;&lt;style&gt;&lt;!--H1 {font-family:Tahoma,Arial,sans-serif;color:white;background-color:#525D76;font-size:22px;} H2 {font-family:Tahoma,Arial,sans-serif;color:white;background-color:#525D76;font-size:16px;} H3 {font-family:Tahoma,Arial,sans-serif;color:white;background-color:#525D76;font-size:14px;} BODY {font-family:Tahoma,Arial,sans-serif;color:black;background-color:white;} B {font-family:Tahoma,Arial,sans-serif;color:white;background-color:#525D76;} P {font-family:Tahoma,Arial,sans-serif;background:white;color:black;font-size:12px;}A {color : black;}A.name {color : black;}HR {color : #525D76;}--&gt;&lt;/style&gt; &lt;/head&gt;&lt;body&gt;&lt;h1&gt;HTTP Status 404 - /solr/select&lt;/h1&gt;&lt;HR size=&quot;1&quot; noshade=&quot;noshade&quot;&gt;&lt;p&gt;&lt;b&gt;type&lt;/b&gt; Status report&lt;/p&gt;&lt;p&gt;&lt;b&gt;message&lt;/b&gt; &lt;u&gt;/solr/select&lt;/u&gt;&lt;/p&gt;&lt;p&gt;&lt;b&gt;description&lt;/b&gt; &lt;u&gt;The requested resource is not available.&lt;/u&gt;&lt;/p&gt;&lt;HR size=&quot;1&quot; noshade=&quot;noshade&quot;&gt;&lt;h3&gt;Apache Tomcat/7.0.78&lt;/h3&gt;&lt;/body&gt;&lt;/html&gt;
	at org.apache.solr.client.solrj.impl.HttpSolrServer.executeMethod(HttpSolrServer.java:512)
	at org.apache.solr.client.solrj.impl.HttpSolrServer.request(HttpSolrServer.java:210)
	at org.apache.solr.client.solrj.impl.HttpSolrServer.request(HttpSolrServer.java:206)
	at org.apache.solr.client.solrj.request.QueryRequest.process(QueryRequest.java:91)
	at org.apache.solr.client.solrj.SolrServer.query(SolrServer.java:301)
	at com.taotao.rest.solrj.SolrjTest.queryDocument(SolrjTest.java:76)
	at sun.reflect.NativeMethodAccessorImpl.invoke0(Native Method)
	at sun.reflect.NativeMethodAccessorImpl.invoke(NativeMethodAccessorImpl.java:57)
	at sun.reflect.DelegatingMethodAccessorImpl.invoke(DelegatingMethodAccessorImpl.java:43)
	at java.lang.reflect.Method.invoke(Method.java:606)
	at org.junit.runners.model.FrameworkMethod$1.runReflectiveCall(FrameworkMethod.java:50)
	at org.junit.internal.runners.model.ReflectiveCallable.run(ReflectiveCallable.java:12)
	at org.junit.runners.model.FrameworkMethod.invokeExplosively(FrameworkMethod.java:47)
	at org.junit.internal.runners.statements.InvokeMethod.evaluate(InvokeMethod.java:17)
	at org.junit.runners.ParentRunner.runLeaf(ParentRunner.java:325)
	at org.junit.runners.BlockJUnit4ClassRunner.runChild(BlockJUnit4ClassRunner.java:78)
	at org.junit.runners.BlockJUnit4ClassRunner.runChild(BlockJUnit4ClassRunner.java:57)
	at org.junit.runners.ParentRunner$3.run(ParentRunner.java:290)
	at org.junit.runners.ParentRunner$1.schedule(ParentRunner.java:71)
	at org.junit.runners.ParentRunner.runChildren(ParentRunner.java:288)
	at org.junit.runners.ParentRunner.access$000(ParentRunner.java:58)
	at org.junit.runners.ParentRunner$2.evaluate(ParentRunner.java:268)
	at org.junit.runners.ParentRunner.run(ParentRunner.java:363)
	at org.apache.maven.surefire.junit4.JUnit4Provider.execute(JUnit4Provider.java:252)
	at org.apache.maven.surefire.junit4.JUnit4Provider.executeTestSet(JUnit4Provider.java:141)
	at org.apache.maven.surefire.junit4.JUnit4Provider.invoke(JUnit4Provider.java:112)
	at sun.reflect.NativeMethodAccessorImpl.invoke0(Native Method)
	at sun.reflect.NativeMethodAccessorImpl.invoke(NativeMethodAccessorImpl.java:57)
	at sun.reflect.DelegatingMethodAccessorImpl.invoke(DelegatingMethodAccessorImpl.java:43)
	at java.lang.reflect.Method.invoke(Method.java:606)
	at org.apache.maven.surefire.util.ReflectionUtils.invokeMethodWithArray(ReflectionUtils.java:189)
	at org.apache.maven.surefire.booter.ProviderFactory$ProviderProxy.invoke(ProviderFactory.java:165)
	at org.apache.maven.surefire.booter.ProviderFactory.invokeProvider(ProviderFactory.java:85)
	at org.apache.maven.surefire.booter.ForkedBooter.runSuitesInProcess(ForkedBooter.java:115)
	at org.apache.maven.surefire.booter.ForkedBooter.main(ForkedBooter.java:75)
</error>
    <system-out>2018-07-16 18:57:13,351 [main] [org.apache.solr.client.solrj.impl.HttpClientUtil]-[DEBUG] Creating new http client, config:maxConnections=128&amp;maxConnectionsPerHost=32&amp;followRedirects=false
2018-07-16 18:57:14,488 [main] [org.apache.http.impl.conn.PoolingClientConnectionManager]-[DEBUG] Connection request: [route: {}-&gt;http://192.168.43.53:8080][total kept alive: 0; route allocated: 0 of 32; total allocated: 0 of 128]
2018-07-16 18:57:14,507 [main] [org.apache.http.impl.conn.PoolingClientConnectionManager]-[DEBUG] Connection leased: [id: 0][route: {}-&gt;http://192.168.43.53:8080][total kept alive: 0; route allocated: 1 of 32; total allocated: 1 of 128]
2018-07-16 18:57:14,510 [main] [org.apache.http.impl.conn.DefaultClientConnectionOperator]-[DEBUG] Connecting to 192.168.43.53:8080
2018-07-16 18:57:14,554 [main] [org.apache.http.client.protocol.RequestAddCookies]-[DEBUG] CookieSpec selected: best-match
2018-07-16 18:57:14,576 [main] [org.apache.http.client.protocol.RequestAuthCache]-[DEBUG] Auth cache not set in the context
2018-07-16 18:57:14,577 [main] [org.apache.http.client.protocol.RequestTargetAuthentication]-[DEBUG] Target auth state: UNCHALLENGED
2018-07-16 18:57:14,578 [main] [org.apache.http.client.protocol.RequestProxyAuthentication]-[DEBUG] Proxy auth state: UNCHALLENGED
2018-07-16 18:57:14,578 [main] [org.apache.http.impl.client.SystemDefaultHttpClient]-[DEBUG] Attempt 1 to execute request
2018-07-16 18:57:14,579 [main] [org.apache.http.impl.conn.DefaultClientConnection]-[DEBUG] Sending request: GET /solr/select?q=*%3A*&amp;start=20&amp;rows=50&amp;wt=javabin&amp;version=2 HTTP/1.1
2018-07-16 18:57:14,580 [main] [org.apache.http.wire]-[DEBUG]  &gt;&gt; &quot;GET /solr/select?q=*%3A*&amp;start=20&amp;rows=50&amp;wt=javabin&amp;version=2 HTTP/1.1[\r][\n]&quot;
2018-07-16 18:57:14,581 [main] [org.apache.http.wire]-[DEBUG]  &gt;&gt; &quot;User-Agent: Solr[org.apache.solr.client.solrj.impl.HttpSolrServer] 1.0[\r][\n]&quot;
2018-07-16 18:57:14,582 [main] [org.apache.http.wire]-[DEBUG]  &gt;&gt; &quot;Host: 192.168.43.53:8080[\r][\n]&quot;
2018-07-16 18:57:14,582 [main] [org.apache.http.wire]-[DEBUG]  &gt;&gt; &quot;Connection: Keep-Alive[\r][\n]&quot;
2018-07-16 18:57:14,582 [main] [org.apache.http.wire]-[DEBUG]  &gt;&gt; &quot;[\r][\n]&quot;
2018-07-16 18:57:14,583 [main] [org.apache.http.headers]-[DEBUG] &gt;&gt; GET /solr/select?q=*%3A*&amp;start=20&amp;rows=50&amp;wt=javabin&amp;version=2 HTTP/1.1
2018-07-16 18:57:14,583 [main] [org.apache.http.headers]-[DEBUG] &gt;&gt; User-Agent: Solr[org.apache.solr.client.solrj.impl.HttpSolrServer] 1.0
2018-07-16 18:57:14,583 [main] [org.apache.http.headers]-[DEBUG] &gt;&gt; Host: 192.168.43.53:8080
2018-07-16 18:57:14,583 [main] [org.apache.http.headers]-[DEBUG] &gt;&gt; Connection: Keep-Alive
2018-07-16 18:57:14,666 [main] [org.apache.http.wire]-[DEBUG]  &lt;&lt; &quot;HTTP/1.1 404 Not Found[\r][\n]&quot;
2018-07-16 18:57:14,669 [main] [org.apache.http.wire]-[DEBUG]  &lt;&lt; &quot;Server: Apache-Coyote/1.1[\r][\n]&quot;
2018-07-16 18:57:14,670 [main] [org.apache.http.wire]-[DEBUG]  &lt;&lt; &quot;Content-Type: text/html;charset=utf-8[\r][\n]&quot;
2018-07-16 18:57:14,670 [main] [org.apache.http.wire]-[DEBUG]  &lt;&lt; &quot;Content-Language: en[\r][\n]&quot;
2018-07-16 18:57:14,670 [main] [org.apache.http.wire]-[DEBUG]  &lt;&lt; &quot;Content-Length: 973[\r][\n]&quot;
2018-07-16 18:57:14,670 [main] [org.apache.http.wire]-[DEBUG]  &lt;&lt; &quot;Date: Mon, 16 Jul 2018 14:17:46 GMT[\r][\n]&quot;
2018-07-16 18:57:14,670 [main] [org.apache.http.wire]-[DEBUG]  &lt;&lt; &quot;[\r][\n]&quot;
2018-07-16 18:57:14,672 [main] [org.apache.http.impl.conn.DefaultClientConnection]-[DEBUG] Receiving response: HTTP/1.1 404 Not Found
2018-07-16 18:57:14,672 [main] [org.apache.http.headers]-[DEBUG] &lt;&lt; HTTP/1.1 404 Not Found
2018-07-16 18:57:14,672 [main] [org.apache.http.headers]-[DEBUG] &lt;&lt; Server: Apache-Coyote/1.1
2018-07-16 18:57:14,672 [main] [org.apache.http.headers]-[DEBUG] &lt;&lt; Content-Type: text/html;charset=utf-8
2018-07-16 18:57:14,673 [main] [org.apache.http.headers]-[DEBUG] &lt;&lt; Content-Language: en
2018-07-16 18:57:14,673 [main] [org.apache.http.headers]-[DEBUG] &lt;&lt; Content-Length: 973
2018-07-16 18:57:14,673 [main] [org.apache.http.headers]-[DEBUG] &lt;&lt; Date: Mon, 16 Jul 2018 14:17:46 GMT
2018-07-16 18:57:14,677 [main] [org.apache.http.impl.client.SystemDefaultHttpClient]-[DEBUG] Connection can be kept alive indefinitely
2018-07-16 18:57:14,701 [main] [org.apache.http.wire]-[DEBUG]  &lt;&lt; &quot;&lt;html&gt;&lt;head&gt;&lt;title&gt;Apache Tomcat/7.0.78 - Error report&lt;/title&gt;&lt;style&gt;&lt;!--H1 {font-family:Tahoma,Arial,sans-serif;color:white;background-color:#525D76;font-size:22px;} H2 {font-family:Tahoma,Arial,sans-serif;color:white;background-color:#525D76;font-size:16px;} H3 {font-family:Tahoma,Arial,sans-serif;color:white;background-color:#525D76;font-size:14px;} BODY {font-family:Tahoma,Arial,sans-serif;color:black;background-color:white;} B {font-family:Tahoma,Arial,sans-serif;color:white;background-color:#525D76;} P {font-family:Tahoma,Arial,sans-serif;background:white;color:black;font-size:12px;}A {color : black;}A.name {color : black;}HR {color : #525D76;}--&gt;&lt;/style&gt; &lt;/head&gt;&lt;body&gt;&lt;h1&gt;HTTP Status 404 - /solr/select&lt;/h1&gt;&lt;HR size=&quot;1&quot; noshade=&quot;noshade&quot;&gt;&lt;p&gt;&lt;b&gt;type&lt;/b&gt; Status report&lt;/p&gt;&lt;p&gt;&lt;b&gt;message&lt;/b&gt; &lt;u&gt;/solr/select&lt;/u&gt;&lt;/p&gt;&lt;p&gt;&lt;b&gt;description&lt;/b&gt; &lt;u&gt;The requested resource is not available.&lt;/u&gt;&lt;/p&gt;&lt;HR size=&quot;1&quot; noshade=&quot;noshade&quot;&gt;&lt;h3&gt;Apache Tomcat/7.0.78&lt;/h3&gt;&lt;/body&gt;&lt;/html&gt;&quot;
2018-07-16 18:57:14,702 [main] [org.apache.http.impl.conn.PoolingClientConnectionManager]-[DEBUG] Connection [id: 0][route: {}-&gt;http://192.168.43.53:8080] can be kept alive indefinitely
2018-07-16 18:57:14,702 [main] [org.apache.http.impl.conn.PoolingClientConnectionManager]-[DEBUG] Connection released: [id: 0][route: {}-&gt;http://192.168.43.53:8080][total kept alive: 1; route allocated: 1 of 32; total allocated: 1 of 128]
</system-out>
  </testcase>
</testsuite>